[debug] [2021-03-09T01:31:06.328Z] ----------------------------------------------------------------------
[debug] [2021-03-09T01:31:06.332Z] Command:       C:\Program Files\nodejs\node.exe C:\Users\ecmv2\AppData\Roaming\npm\node_modules\firebase-tools\lib\bin\firebase.js init
[debug] [2021-03-09T01:31:06.333Z] CLI Version:   9.6.0
[debug] [2021-03-09T01:31:06.333Z] Platform:      win32
[debug] [2021-03-09T01:31:06.333Z] Node Version:  v14.15.3
[debug] [2021-03-09T01:31:06.335Z] Time:          Mon Mar 08 2021 22:31:06 GMT-0300 (Argentina Standard Time)
[debug] [2021-03-09T01:31:06.335Z] ----------------------------------------------------------------------
[debug] [2021-03-09T01:31:06.336Z] 
[debug] [2021-03-09T01:31:06.341Z] >>> [apiv2][query] GET https://firebase-public.firebaseio.com/cli.json [none]
[debug] [2021-03-09T01:31:06.399Z] > command requires scopes: ["email","openid","https://www.googleapis.com/auth/cloudplatformprojects.readonly","https://www.googleapis.com/auth/firebase","https://www.googleapis.com/auth/cloud-platform"]
[debug] [2021-03-09T01:31:06.401Z] > authorizing via signed-in user
[info] 
     ######## #### ########  ######## ########     ###     ######  ########
     ##        ##  ##     ## ##       ##     ##  ##   ##  ##       ##
     ######    ##  ########  ######   ########  #########  ######  ######
     ##        ##  ##    ##  ##       ##     ## ##     ##       ## ##
     ##       #### ##     ## ######## ########  ##     ##  ######  ########

You're about to initialize a Firebase project in this directory:

  D:\Dev\test\test

[debug] [2021-03-09T01:31:07.193Z] <<< [apiv2][status] GET https://firebase-public.firebaseio.com/cli.json 200
[debug] [2021-03-09T01:31:07.194Z] <<< [apiv2][body] GET https://firebase-public.firebaseio.com/cli.json {"cloudBuildErrorAfter":1594252800000,"cloudBuildWarnAfter":1590019200000,"defaultNode10After":1594252800000,"minVersion":"3.0.5","node8DeploysDisabledAfter":1613390400000,"node8RuntimeDisabledAfter":1615809600000,"node8WarnAfter":1600128000000}
